<?xml version="1.0" encoding="utf-8"?><testsuites name="pytest tests"><testsuite name="pytest" errors="0" failures="0" skipped="0" tests="13" time="3.086" timestamp="2026-04-26T01:59:02.545074+00:00" hostname="agent-env-6077bb48-742b-41c9-8dcf-96f06d2995ca"><testcase classname="backend.tests.backend_test.TestAuth" name="test_login_success_sets_cookie" time="0.512" /><testcase classname="backend.tests.backend_test.TestAuth" name="test_login_invalid" time="0.372" /><testcase classname="backend.tests.backend_test.TestAuth" name="test_me_without_cookie_401" time="0.160" /><testcase classname="backend.tests.backend_test.TestAuth" name="test_me_with_cookie" time="0.428" /><testcase classname="backend.tests.backend_test.TestAuth" name="test_register_and_logout" time="0.458" /><testcase classname="backend.tests.backend_test.TestCameras" name="test_list_unauth" time="0.135" /><testcase classname="backend.tests.backend_test.TestCameras" name="test_list_seeded" time="0.052" /><testcase classname="backend.tests.backend_test.TestCameras" name="test_crud" time="0.201" /><testcase classname="backend.tests.backend_test.TestIncidents" name="test_list_seeded" time="0.053" /><testcase classname="backend.tests.backend_test.TestIncidents" name="test_create_resolve_and_notification" time="0.258" /><testcase classname="backend.tests.backend_test.TestRecordings" name="test_list" time="0.054" /><testcase classname="backend.tests.backend_test.TestNotifications" name="test_list_and_read_all" time="0.151" /><testcase classname="backend.tests.backend_test.TestAnalytics" name="test_summary_shape" time="0.057" /></testsuite></testsuites>